2020-02-03 19:51:07 - ERROR - SyntaxError in /Users/rothco/Python/livewire/bootstrap/start.py on line 38
2020-02-03 19:52:31 - ERROR - InvalidCSRFToken in /Users/rothco/Python/livewire/bootstrap/start.py on line 38
2020-02-03 19:53:04 - ERROR - InvalidCSRFToken in /Users/rothco/Python/livewire/bootstrap/start.py on line 38
2020-02-03 20:00:30 - ERROR - JSONDecodeError in /usr/local/Cellar/python/3.7.4_1/Frameworks/Python.framework/Versions/3.7/lib/python3.7/json/decoder.py on line 353
2020-02-03 20:01:00 - ERROR - AttributeError in /Users/rothco/Python/livewire/app/http/controllers/LivewireController.py on line 27
2020-02-03 20:06:40 - ERROR - AttributeError in /Users/rothco/Python/livewire/app/http/controllers/LivewireController.py on line 27
2020-02-03 20:07:38 - ERROR - AttributeError in /Users/rothco/Python/livewire/app/http/controllers/LivewireController.py on line 27
2020-02-03 20:09:00 - ERROR - AttributeError in /Users/rothco/Python/livewire/app/http/controllers/LivewireController.py on line 28
2020-02-03 20:09:09 - ERROR - AttributeError in /Users/rothco/Python/livewire/app/http/controllers/LivewireController.py on line 28
2020-02-03 20:11:26 - ERROR - ContainerError in /Users/rothco/Python/livewire/bootstrap/start.py on line 38
2020-02-03 20:11:49 - ERROR - AttributeError in /Users/rothco/Python/livewire/app/http/controllers/LivewireController.py on line 28
2020-02-03 20:12:11 - ERROR - AttributeError in /Users/rothco/Python/livewire/app/http/controllers/LivewireController.py on line 28
2020-02-03 21:04:40 - ERROR - ValueError in /Users/rothco/Python/livewire/app/http/controllers/LivewireController.py on line 36
2020-02-03 21:18:02 - ERROR - ContainerError in /Users/rothco/Python/livewire/bootstrap/start.py on line 38
2020-02-03 21:25:01 - ERROR - TemplateSyntaxError in /Users/rothco/Python/livewire/resources/templates/base.html on line 22
2020-02-03 21:28:25 - ERROR - ContainerError in /Users/rothco/Python/livewire/bootstrap/start.py on line 38
2020-02-03 21:29:37 - ERROR - ContainerError in /Users/rothco/Python/livewire/bootstrap/start.py on line 38
2020-02-03 21:29:59 - ERROR - AttributeError in /Users/rothco/Python/livewire/app/http/controllers/LivewireController.py on line 31
2020-02-03 21:42:48 - ERROR - AttributeError in /Users/rothco/Python/livewire/app/http/controllers/CountController.py on line 25
2020-02-03 21:48:45 - ERROR - AttributeError in /Users/rothco/Python/livewire/app/http/controllers/CountController.py on line 32
2020-02-03 21:56:13 - ERROR - AttributeError in /Users/rothco/Python/livewire/app/http/controllers/CountController.py on line 45
2020-02-04 00:26:10 - ERROR - TemplateSyntaxError in /Users/rothco/Python/livewire/resources/templates/livewire/money.html on line 5
2020-02-04 00:26:20 - ERROR - TemplateSyntaxError in /Users/rothco/Python/livewire/resources/templates/livewire/money.html on line 5
